<?xml version="1.0" encoding="UTF-8"?>
<!-- Generated by org.testng.reporters.JUnitReportReporter -->
<testsuite hostname="DESKTOP-TFQQJR1" failures="0" tests="2" name="Test.Testclass1" time="0.008" errors="0" timestamp="2021-05-20T10:41:59 EDT" skipped="0">
  <testcase classname="Test.Testclass1" name="test1" time="0.007"/>
  <system-out/>
  <testcase classname="Test.Testclass1" name="test2" time="0.001"/>
  <system-out/>
</testsuite> <!-- Test.Testclass1 -->
