<?xml version="1.0" encoding="UTF-8"?>
<!-- Generated by org.testng.reporters.JUnitReportReporter -->
<testsuite hostname="DESKTOP-TFQQJR1" failures="0" tests="2" name="Test.Testclass2" time="0.002" errors="0" timestamp="2021-05-19T11:28:05 EDT" skipped="0">
  <testcase classname="Test.Testclass2" name="test4" time="0.002"/>
  <system-out/>
  <testcase classname="Test.Testclass2" name="test3" time="0.000"/>
  <system-out/>
</testsuite> <!-- Test.Testclass2 -->
