<?xml version="1.0" encoding="UTF-8"?>
<!-- Generated by org.testng.reporters.JUnitReportReporter -->
<testsuite hostname="DESKTOP-TFQQJR1" failures="0" tests="3" name="Test.TestClass3" time="0.007" errors="0" timestamp="2021-05-20T11:01:31 EDT" skipped="0">
  <testcase classname="Test.TestClass3" name="test5" time="0.005"/>
  <system-out/>
  <testcase classname="Test.TestClass3" name="test5" time="0.001"/>
  <system-out/>
  <testcase classname="Test.TestClass3" name="test5" time="0.001"/>
  <system-out/>
</testsuite> <!-- Test.TestClass3 -->
